<?xml version="1.0" encoding="UTF-8"?>
<!-- Generated by org.testng.reporters.JUnitXMLReporter -->
<testsuite hostname="MacBookArt.local" name="Default test" tests="4" failures="0" timestamp="6 Aug 2016 18:19:17 GMT" time="17.764" errors="0">
  <testcase name="openSource on null(OST_TEST.OstTestPost.AppTest)" time="8.341" classname="OST_TEST.OstTestPost.AppTest"/>
  <testcase name="loginSource on null(OST_TEST.OstTestPost.AppTest)" time="4.835" classname="OST_TEST.OstTestPost.AppTest"/>
  <testcase name="goToPOst on null(OST_TEST.OstTestPost.AppTest)" time="2.3" classname="OST_TEST.OstTestPost.AppTest"/>
  <testcase name="howManyLetters on null(OST_TEST.OstTestPost.AppTest)" time="1.064" classname="OST_TEST.OstTestPost.AppTest"/>
</testsuite> <!-- Default test -->
