<?xml version="1.0" encoding="UTF-8"?>
<testng-results skipped="0" failed="0" total="4" passed="4">
  <reporter-output>
  </reporter-output>
  <suite name="Default suite" duration-ms="17764" started-at="2016-08-06T18:18:59Z" finished-at="2016-08-06T18:19:17Z">
    <groups>
    </groups>
    <test name="Default test" duration-ms="17764" started-at="2016-08-06T18:18:59Z" finished-at="2016-08-06T18:19:17Z">
      <class name="OST_TEST.OstTestPost.AppTest">
        <test-method status="PASS" signature="startDriver()[pri:0, instance:null(OST_TEST.OstTestPost.AppTest)]" name="startDriver" is-config="true" duration-ms="1093" started-at="2016-08-06T21:18:59Z" finished-at="2016-08-06T21:19:00Z">
          <reporter-output>
          </reporter-output>
        </test-method> <!-- startDriver -->
        <test-method status="PASS" signature="openSource()[pri:1, instance:null(OST_TEST.OstTestPost.AppTest)]" name="openSource" duration-ms="8341" started-at="2016-08-06T21:19:00Z" finished-at="2016-08-06T21:19:09Z">
          <reporter-output>
          </reporter-output>
        </test-method> <!-- openSource -->
        <test-method status="PASS" signature="loginSource()[pri:2, instance:null(OST_TEST.OstTestPost.AppTest)]" name="loginSource" duration-ms="4835" started-at="2016-08-06T21:19:09Z" finished-at="2016-08-06T21:19:14Z">
          <reporter-output>
          </reporter-output>
        </test-method> <!-- loginSource -->
        <test-method status="PASS" signature="goToPOst()[pri:3, instance:null(OST_TEST.OstTestPost.AppTest)]" name="goToPOst" duration-ms="2300" started-at="2016-08-06T21:19:14Z" finished-at="2016-08-06T21:19:16Z">
          <reporter-output>
          </reporter-output>
        </test-method> <!-- goToPOst -->
        <test-method status="PASS" signature="howManyLetters()[pri:4, instance:null(OST_TEST.OstTestPost.AppTest)]" name="howManyLetters" duration-ms="1064" started-at="2016-08-06T21:19:16Z" finished-at="2016-08-06T21:19:17Z">
          <reporter-output>
          </reporter-output>
        </test-method> <!-- howManyLetters -->
        <test-method status="PASS" signature="stopDriver()[pri:0, instance:null(OST_TEST.OstTestPost.AppTest)]" name="stopDriver" is-config="true" duration-ms="104" started-at="2016-08-06T21:19:17Z" finished-at="2016-08-06T21:19:17Z">
          <reporter-output>
          </reporter-output>
        </test-method> <!-- stopDriver -->
      </class> <!-- OST_TEST.OstTestPost.AppTest -->
    </test> <!-- Default test -->
  </suite> <!-- Default suite -->
</testng-results>
